<?xml version="1.0" encoding="UTF-8"?>
<testng-results ignored="0" total="2" passed="2" failed="0" skipped="0">
  <reporter-output>
  </reporter-output>
  <suite started-at="2022-07-29T09:32:04 IST" name="Default suite" finished-at="2022-07-29T09:32:35 IST" duration-ms="31275">
    <groups>
    </groups>
    <test started-at="2022-07-29T09:32:04 IST" name="Default test" finished-at="2022-07-29T09:32:35 IST" duration-ms="31275">
      <class name="com.crm.qa.tests.DashboardPageTest">
        <test-method is-config="true" signature="SetUp()[pri:0, instance:com.crm.qa.tests.DashboardPageTest@614ca7df]" started-at="2022-07-29T09:32:04 IST" name="SetUp" finished-at="2022-07-29T09:32:15 IST" duration-ms="11139" status="PASS">
          <reporter-output>
          </reporter-output>
        </test-method> <!-- SetUp -->
        <test-method signature="loginTest()[pri:0, instance:com.crm.qa.tests.DashboardPageTest@614ca7df]" started-at="2022-07-29T09:32:15 IST" name="loginTest" finished-at="2022-07-29T09:32:22 IST" duration-ms="6444" status="PASS">
          <reporter-output>
          </reporter-output>
        </test-method> <!-- loginTest -->
        <test-method is-config="true" signature="tearDown()[pri:0, instance:com.crm.qa.tests.DashboardPageTest@614ca7df]" started-at="2022-07-29T09:32:22 IST" name="tearDown" finished-at="2022-07-29T09:32:23 IST" duration-ms="733" status="PASS">
          <reporter-output>
          </reporter-output>
        </test-method> <!-- tearDown -->
        <test-method is-config="true" signature="SetUp()[pri:0, instance:com.crm.qa.tests.DashboardPageTest@614ca7df]" started-at="2022-07-29T09:32:23 IST" name="SetUp" finished-at="2022-07-29T09:32:31 IST" duration-ms="8056" status="PASS">
          <reporter-output>
          </reporter-output>
        </test-method> <!-- SetUp -->
        <test-method signature="signUpTest()[pri:0, instance:com.crm.qa.tests.DashboardPageTest@614ca7df]" started-at="2022-07-29T09:32:31 IST" name="signUpTest" finished-at="2022-07-29T09:32:35 IST" duration-ms="4125" status="PASS">
          <reporter-output>
          </reporter-output>
        </test-method> <!-- signUpTest -->
        <test-method is-config="true" signature="tearDown()[pri:0, instance:com.crm.qa.tests.DashboardPageTest@614ca7df]" started-at="2022-07-29T09:32:35 IST" name="tearDown" finished-at="2022-07-29T09:32:35 IST" duration-ms="686" status="PASS">
          <reporter-output>
          </reporter-output>
        </test-method> <!-- tearDown -->
      </class> <!-- com.crm.qa.tests.DashboardPageTest -->
    </test> <!-- Default test -->
  </suite> <!-- Default suite -->
</testng-results>
